<?xml version="1.0" encoding="UTF-8"?>
<!-- Generated by org.testng.reporters.JUnitReportReporter -->
<testsuite skipped="0" hostname="SPY-LAP-28" name="testcase.code" tests="3" failures="0" timestamp="01 Nov 2022 09:38:15 GMT" time="13.179" errors="0">
  <testcase name="CrrentUrl" time="0.048" classname="testcase.code"/>
  <testcase name="lunching" time="13.088" classname="testcase.code"/>
  <testcase name="Title" time="0.043" classname="testcase.code"/>
</testsuite> <!-- testcase.code -->
