<?xml version="1.0" encoding="UTF-8"?>
<!-- Generated by org.testng.reporters.JUnitReportReporter -->
<testsuite skipped="0" hostname="SPY-LAP-28" name="testcase.cases1" tests="1" failures="0" timestamp="01 Nov 2022 09:38:15 GMT" time="0.000" errors="0">
  <testcase name="testcase" time="0.000" classname="testcase.cases1"/>
</testsuite> <!-- testcase.cases1 -->
