<?xml version="1.0" encoding="UTF-8"?>
<!-- Generated by org.testng.reporters.JUnitReportReporter -->
<testsuite skipped="0" hostname="SPY-LAP-28" name="testcase.Datapro$dataprovider" tests="3" failures="0" timestamp="01 Nov 2022 09:43:24 GMT" time="28.327" errors="0">
  <testcase name="search" time="7.800" classname="testcase.Datapro$dataprovider"/>
  <testcase name="search" time="5.804" classname="testcase.Datapro$dataprovider"/>
  <testcase name="search" time="14.723" classname="testcase.Datapro$dataprovider"/>
</testsuite> <!-- testcase.Datapro$dataprovider -->
